<?xml version="1.0" encoding="UTF-8"?>
<coverage generated="1659447736743" clover="3.2.0">
  <project timestamp="1659447736743" name="All files">
    <metrics statements="26" coveredstatements="25" conditionals="0" coveredconditionals="0" methods="14" coveredmethods="13" elements="40" coveredelements="38" complexity="0" loc="26" ncloc="26" packages="1" files="4" classes="4"/>
    <file name="Employee.js" path="C:\Users\Patrick\programming\team-profile-generator\lib\Employee.js">
      <metrics statements="8" coveredstatements="8" conditionals="0" coveredconditionals="0" methods="5" coveredmethods="5"/>
      <line num="4" count="13" type="stmt"/>
      <line num="5" count="13" type="stmt"/>
      <line num="6" count="13" type="stmt"/>
      <line num="11" count="1" type="stmt"/>
      <line num="16" count="1" type="stmt"/>
      <line num="21" count="1" type="stmt"/>
      <line num="26" count="1" type="stmt"/>
      <line num="31" count="4" type="stmt"/>
    </file>
    <file name="Engineer.js" path="C:\Users\Patrick\programming\team-profile-generator\lib\Engineer.js">
      <metrics statements="6" coveredstatements="6" conditionals="0" coveredconditionals="0" methods="3" coveredmethods="3"/>
      <line num="2" count="1" type="stmt"/>
      <line num="7" count="3" type="stmt"/>
      <line num="8" count="3" type="stmt"/>
      <line num="13" count="1" type="stmt"/>
      <line num="18" count="1" type="stmt"/>
      <line num="23" count="1" type="stmt"/>
    </file>
    <file name="Intern.js" path="C:\Users\Patrick\programming\team-profile-generator\lib\Intern.js">
      <metrics statements="6" coveredstatements="6" conditionals="0" coveredconditionals="0" methods="3" coveredmethods="3"/>
      <line num="2" count="1" type="stmt"/>
      <line num="7" count="3" type="stmt"/>
      <line num="8" count="3" type="stmt"/>
      <line num="13" count="1" type="stmt"/>
      <line num="18" count="1" type="stmt"/>
      <line num="23" count="1" type="stmt"/>
    </file>
    <file name="Manager.js" path="C:\Users\Patrick\programming\team-profile-generator\lib\Manager.js">
      <metrics statements="6" coveredstatements="5" conditionals="0" coveredconditionals="0" methods="3" coveredmethods="2"/>
      <line num="2" count="1" type="stmt"/>
      <line num="7" count="2" type="stmt"/>
      <line num="8" count="2" type="stmt"/>
      <line num="13" count="0" type="stmt"/>
      <line num="18" count="1" type="stmt"/>
      <line num="23" count="1" type="stmt"/>
    </file>
  </project>
</coverage>
